{"..\\plugins\\report\\models\\activity_log.js":{"path":"..\\plugins\\report\\models\\activity_log.js","s":{"1":1,"2":0,"3":0,"4":0,"5":0,"6":0},"b":{},"f":{"1":0,"2":0},"fnMap":{"1":{"name":"(anonymous_1)","line":5,"loc":{"start":{"line":5,"column":0},"end":{"line":5,"column":19}}},"2":{"name":"(anonymous_2)","line":10,"loc":{"start":{"line":10,"column":13},"end":{"line":10,"column":36}}}},"statementMap":{"1":{"start":{"line":1,"column":0},"end":{"line":16,"column":3}},"2":{"start":{"line":6,"column":4},"end":{"line":6,"column":24}},"3":{"start":{"line":7,"column":4},"end":{"line":14,"column":7}},"4":{"start":{"line":11,"column":12},"end":{"line":11,"column":40}},"5":{"start":{"line":12,"column":12},"end":{"line":12,"column":28}},"6":{"start":{"line":15,"column":4},"end":{"line":15,"column":28}}},"branchMap":{}},"..\\plugins\\report\\models\\report.js":{"path":"..\\plugins\\report\\models\\report.js","s":{"1":1,"2":0,"3":0,"4":0,"5":0,"6":0,"7":0,"8":0,"9":0,"10":0,"11":0,"12":0,"13":0,"14":0,"15":0,"16":0,"17":0,"18":0,"19":0,"20":0,"21":0,"22":0,"23":0,"24":0,"25":0,"26":0},"b":{"1":[0,0]},"f":{"1":0,"2":0,"3":0,"4":0,"5":0,"6":0,"7":0,"8":0,"9":0,"10":0,"11":0,"12":0,"13":0,"14":0},"fnMap":{"1":{"name":"(anonymous_1)","line":8,"loc":{"start":{"line":8,"column":0},"end":{"line":11,"column":3}}},"2":{"name":"(anonymous_2)","line":14,"loc":{"start":{"line":14,"column":31},"end":{"line":14,"column":41}}},"3":{"name":"(anonymous_3)","line":17,"loc":{"start":{"line":17,"column":29},"end":{"line":17,"column":39}}},"4":{"name":"(anonymous_4)","line":20,"loc":{"start":{"line":20,"column":24},"end":{"line":20,"column":34}}},"5":{"name":"(anonymous_5)","line":23,"loc":{"start":{"line":23,"column":24},"end":{"line":23,"column":34}}},"6":{"name":"(anonymous_6)","line":26,"loc":{"start":{"line":26,"column":41},"end":{"line":26,"column":51}}},"7":{"name":"(anonymous_7)","line":30,"loc":{"start":{"line":30,"column":28},"end":{"line":30,"column":38}}},"8":{"name":"(anonymous_8)","line":31,"loc":{"start":{"line":31,"column":41},"end":{"line":31,"column":51}}},"9":{"name":"(anonymous_9)","line":35,"loc":{"start":{"line":35,"column":23},"end":{"line":35,"column":33}}},"10":{"name":"(anonymous_10)","line":42,"loc":{"start":{"line":42,"column":34},"end":{"line":42,"column":55}}},"11":{"name":"(anonymous_11)","line":48,"loc":{"start":{"line":48,"column":24},"end":{"line":48,"column":34}}},"12":{"name":"(anonymous_12)","line":51,"loc":{"start":{"line":51,"column":21},"end":{"line":51,"column":31}}},"13":{"name":"(anonymous_13)","line":54,"loc":{"start":{"line":54,"column":23},"end":{"line":54,"column":33}}},"14":{"name":"(anonymous_14)","line":59,"loc":{"start":{"line":59,"column":13},"end":{"line":59,"column":35}}}},"statementMap":{"1":{"start":{"line":1,"column":0},"end":{"line":68,"column":3}},"2":{"start":{"line":12,"column":4},"end":{"line":66,"column":7}},"3":{"start":{"line":15,"column":12},"end":{"line":15,"column":62}},"4":{"start":{"line":18,"column":12},"end":{"line":18,"column":60}},"5":{"start":{"line":21,"column":12},"end":{"line":21,"column":47}},"6":{"start":{"line":24,"column":12},"end":{"line":24,"column":42}},"7":{"start":{"line":26,"column":12},"end":{"line":28,"column":15}},"8":{"start":{"line":27,"column":16},"end":{"line":27,"column":94}},"9":{"start":{"line":31,"column":12},"end":{"line":33,"column":15}},"10":{"start":{"line":32,"column":16},"end":{"line":32,"column":72}},"11":{"start":{"line":36,"column":12},"end":{"line":37,"column":30}},"12":{"start":{"line":39,"column":12},"end":{"line":46,"column":13}},"13":{"start":{"line":40,"column":16},"end":{"line":40,"column":33}},"14":{"start":{"line":42,"column":16},"end":{"line":44,"column":19}},"15":{"start":{"line":43,"column":20},"end":{"line":43,"column":55}},"16":{"start":{"line":45,"column":16},"end":{"line":45,"column":33}},"17":{"start":{"line":49,"column":12},"end":{"line":49,"column":53}},"18":{"start":{"line":52,"column":12},"end":{"line":52,"column":53}},"19":{"start":{"line":55,"column":12},"end":{"line":55,"column":101}},"20":{"start":{"line":56,"column":12},"end":{"line":56,"column":73}},"21":{"start":{"line":60,"column":12},"end":{"line":60,"column":40}},"22":{"start":{"line":61,"column":12},"end":{"line":61,"column":54}},"23":{"start":{"line":62,"column":12},"end":{"line":62,"column":44}},"24":{"start":{"line":63,"column":12},"end":{"line":63,"column":37}},"25":{"start":{"line":64,"column":12},"end":{"line":64,"column":28}},"26":{"start":{"line":67,"column":4},"end":{"line":67,"column":18}}},"branchMap":{"1":{"line":39,"type":"if","locations":[{"start":{"line":39,"column":12},"end":{"line":39,"column":12}},{"start":{"line":39,"column":12},"end":{"line":39,"column":12}}]}}},"..\\plugins\\report\\models\\report_dept.js":{"path":"..\\plugins\\report\\models\\report_dept.js","s":{"1":1,"2":0,"3":0,"4":0,"5":0,"6":0,"7":0},"b":{},"f":{"1":0,"2":0},"fnMap":{"1":{"name":"(anonymous_1)","line":6,"loc":{"start":{"line":6,"column":0},"end":{"line":6,"column":19}}},"2":{"name":"(anonymous_2)","line":10,"loc":{"start":{"line":10,"column":14},"end":{"line":10,"column":26}}}},"statementMap":{"1":{"start":{"line":1,"column":0},"end":{"line":18,"column":3}},"2":{"start":{"line":7,"column":4},"end":{"line":16,"column":7}},"3":{"start":{"line":11,"column":12},"end":{"line":11,"column":49}},"4":{"start":{"line":12,"column":12},"end":{"line":12,"column":54}},"5":{"start":{"line":13,"column":12},"end":{"line":13,"column":44}},"6":{"start":{"line":14,"column":12},"end":{"line":14,"column":28}},"7":{"start":{"line":17,"column":4},"end":{"line":17,"column":27}}},"branchMap":{}},"..\\plugins\\report\\models\\report_folder.js":{"path":"..\\plugins\\report\\models\\report_folder.js","s":{"1":1,"2":0,"3":0,"4":0,"5":0,"6":0,"7":0,"8":0,"9":0,"10":0,"11":0,"12":0,"13":0,"14":0,"15":0,"16":0,"17":0,"18":0,"19":0,"20":0,"21":0,"22":0,"23":0,"24":0,"25":0,"26":0,"27":0,"28":0,"29":0,"30":0,"31":0,"32":0,"33":0,"34":0,"35":0,"36":0,"37":0,"38":0,"39":0,"40":0,"41":0,"42":0,"43":0,"44":0,"45":0,"46":0,"47":0,"48":0,"49":0,"50":0,"51":0,"52":0,"53":0,"54":0,"55":1,"56":0,"57":0,"58":0,"59":0,"60":0},"b":{"1":[0,0],"2":[0,0],"3":[0,0],"4":[0,0],"5":[0,0],"6":[0,0],"7":[0,0]},"f":{"1":0,"2":0,"3":0,"4":0,"5":0,"6":0,"7":0,"8":0,"9":0,"10":0,"11":0,"12":0,"13":0,"14":0,"15":0,"16":0,"17":0,"18":0,"19":0,"20":0,"21":0,"22":0,"23":0,"24":0,"25":0,"26":0,"27":0},"fnMap":{"1":{"name":"(anonymous_1)","line":6,"loc":{"start":{"line":6,"column":0},"end":{"line":9,"column":10}}},"2":{"name":"(anonymous_2)","line":12,"loc":{"start":{"line":12,"column":17},"end":{"line":12,"column":27}}},"3":{"name":"(anonymous_3)","line":15,"loc":{"start":{"line":15,"column":25},"end":{"line":15,"column":35}}},"4":{"name":"(anonymous_4)","line":18,"loc":{"start":{"line":18,"column":20},"end":{"line":18,"column":30}}},"5":{"name":"(anonymous_5)","line":21,"loc":{"start":{"line":21,"column":24},"end":{"line":21,"column":34}}},"6":{"name":"(anonymous_6)","line":24,"loc":{"start":{"line":24,"column":46},"end":{"line":24,"column":65}}},"7":{"name":"(anonymous_7)","line":33,"loc":{"start":{"line":33,"column":28},"end":{"line":33,"column":38}}},"8":{"name":"(anonymous_8)","line":36,"loc":{"start":{"line":36,"column":46},"end":{"line":36,"column":65}}},"9":{"name":"(anonymous_9)","line":45,"loc":{"start":{"line":45,"column":27},"end":{"line":45,"column":37}}},"10":{"name":"(anonymous_10)","line":48,"loc":{"start":{"line":48,"column":21},"end":{"line":48,"column":31}}},"11":{"name":"(anonymous_11)","line":51,"loc":{"start":{"line":51,"column":23},"end":{"line":51,"column":33}}},"12":{"name":"(anonymous_12)","line":54,"loc":{"start":{"line":54,"column":27},"end":{"line":54,"column":37}}},"13":{"name":"(anonymous_13)","line":57,"loc":{"start":{"line":57,"column":27},"end":{"line":57,"column":37}}},"14":{"name":"(anonymous_14)","line":60,"loc":{"start":{"line":60,"column":24},"end":{"line":60,"column":34}}},"15":{"name":"(anonymous_15)","line":63,"loc":{"start":{"line":63,"column":19},"end":{"line":63,"column":29}}},"16":{"name":"(anonymous_16)","line":66,"loc":{"start":{"line":66,"column":21},"end":{"line":66,"column":31}}},"17":{"name":"(anonymous_17)","line":70,"loc":{"start":{"line":70,"column":24},"end":{"line":70,"column":34}}},"18":{"name":"(anonymous_18)","line":73,"loc":{"start":{"line":73,"column":47},"end":{"line":73,"column":68}}},"19":{"name":"(anonymous_19)","line":86,"loc":{"start":{"line":86,"column":24},"end":{"line":86,"column":34}}},"20":{"name":"(anonymous_20)","line":89,"loc":{"start":{"line":89,"column":51},"end":{"line":89,"column":72}}},"21":{"name":"(anonymous_21)","line":97,"loc":{"start":{"line":97,"column":21},"end":{"line":97,"column":31}}},"22":{"name":"(anonymous_22)","line":100,"loc":{"start":{"line":100,"column":48},"end":{"line":100,"column":69}}},"23":{"name":"(anonymous_23)","line":108,"loc":{"start":{"line":108,"column":25},"end":{"line":108,"column":35}}},"24":{"name":"(anonymous_24)","line":112,"loc":{"start":{"line":112,"column":13},"end":{"line":112,"column":26}}},"25":{"name":"(anonymous_25)","line":119,"loc":{"start":{"line":119,"column":15},"end":{"line":119,"column":25}}},"26":{"name":"setNameTag","line":168,"loc":{"start":{"line":168,"column":4},"end":{"line":168,"column":43}}},"27":{"name":"(anonymous_27)","line":171,"loc":{"start":{"line":171,"column":44},"end":{"line":171,"column":54}}}},"statementMap":{"1":{"start":{"line":1,"column":0},"end":{"line":184,"column":3}},"2":{"start":{"line":10,"column":4},"end":{"line":165,"column":7}},"3":{"start":{"line":13,"column":12},"end":{"line":13,"column":55}},"4":{"start":{"line":16,"column":12},"end":{"line":16,"column":57}},"5":{"start":{"line":19,"column":12},"end":{"line":19,"column":58}},"6":{"start":{"line":22,"column":12},"end":{"line":22,"column":29}},"7":{"start":{"line":24,"column":12},"end":{"line":29,"column":15}},"8":{"start":{"line":25,"column":16},"end":{"line":28,"column":17}},"9":{"start":{"line":26,"column":20},"end":{"line":26,"column":32}},"10":{"start":{"line":27,"column":20},"end":{"line":27,"column":33}},"11":{"start":{"line":31,"column":12},"end":{"line":31,"column":24}},"12":{"start":{"line":34,"column":12},"end":{"line":34,"column":29}},"13":{"start":{"line":36,"column":12},"end":{"line":41,"column":15}},"14":{"start":{"line":37,"column":16},"end":{"line":40,"column":17}},"15":{"start":{"line":38,"column":20},"end":{"line":38,"column":32}},"16":{"start":{"line":39,"column":20},"end":{"line":39,"column":33}},"17":{"start":{"line":43,"column":12},"end":{"line":43,"column":24}},"18":{"start":{"line":46,"column":12},"end":{"line":46,"column":71}},"19":{"start":{"line":49,"column":12},"end":{"line":49,"column":51}},"20":{"start":{"line":52,"column":12},"end":{"line":52,"column":53}},"21":{"start":{"line":55,"column":12},"end":{"line":55,"column":48}},"22":{"start":{"line":58,"column":12},"end":{"line":58,"column":48}},"23":{"start":{"line":61,"column":12},"end":{"line":61,"column":45}},"24":{"start":{"line":64,"column":12},"end":{"line":64,"column":50}},"25":{"start":{"line":67,"column":12},"end":{"line":67,"column":52}},"26":{"start":{"line":71,"column":12},"end":{"line":84,"column":13}},"27":{"start":{"line":72,"column":16},"end":{"line":72,"column":31}},"28":{"start":{"line":73,"column":12},"end":{"line":80,"column":19}},"29":{"start":{"line":74,"column":20},"end":{"line":74,"column":46}},"30":{"start":{"line":76,"column":20},"end":{"line":78,"column":21}},"31":{"start":{"line":77,"column":24},"end":{"line":77,"column":70}},"32":{"start":{"line":79,"column":20},"end":{"line":79,"column":37}},"33":{"start":{"line":81,"column":16},"end":{"line":81,"column":40}},"34":{"start":{"line":83,"column":16},"end":{"line":83,"column":40}},"35":{"start":{"line":87,"column":12},"end":{"line":95,"column":13}},"36":{"start":{"line":88,"column":16},"end":{"line":88,"column":31}},"37":{"start":{"line":89,"column":16},"end":{"line":92,"column":16}},"38":{"start":{"line":90,"column":20},"end":{"line":90,"column":47}},"39":{"start":{"line":92,"column":16},"end":{"line":92,"column":40}},"40":{"start":{"line":94,"column":16},"end":{"line":94,"column":40}},"41":{"start":{"line":98,"column":12},"end":{"line":106,"column":13}},"42":{"start":{"line":99,"column":16},"end":{"line":99,"column":31}},"43":{"start":{"line":100,"column":16},"end":{"line":103,"column":16}},"44":{"start":{"line":101,"column":20},"end":{"line":101,"column":47}},"45":{"start":{"line":103,"column":16},"end":{"line":103,"column":40}},"46":{"start":{"line":105,"column":16},"end":{"line":105,"column":40}},"47":{"start":{"line":113,"column":12},"end":{"line":113,"column":46}},"48":{"start":{"line":115,"column":12},"end":{"line":115,"column":54}},"49":{"start":{"line":116,"column":12},"end":{"line":116,"column":44}},"50":{"start":{"line":117,"column":12},"end":{"line":117,"column":28}},"51":{"start":{"line":120,"column":12},"end":{"line":121,"column":43}},"52":{"start":{"line":123,"column":12},"end":{"line":162,"column":15}},"53":{"start":{"line":163,"column":12},"end":{"line":163,"column":28}},"54":{"start":{"line":166,"column":4},"end":{"line":166,"column":24}},"55":{"start":{"line":168,"column":4},"end":{"line":183,"column":5}},"56":{"start":{"line":169,"column":8},"end":{"line":169,"column":26}},"57":{"start":{"line":170,"column":12},"end":{"line":170,"column":22}},"58":{"start":{"line":171,"column":8},"end":{"line":181,"column":11}},"59":{"start":{"line":172,"column":12},"end":{"line":180,"column":14}},"60":{"start":{"line":182,"column":8},"end":{"line":182,"column":24}}},"branchMap":{"1":{"line":25,"type":"if","locations":[{"start":{"line":25,"column":16},"end":{"line":25,"column":16}},{"start":{"line":25,"column":16},"end":{"line":25,"column":16}}]},"2":{"line":37,"type":"if","locations":[{"start":{"line":37,"column":16},"end":{"line":37,"column":16}},{"start":{"line":37,"column":16},"end":{"line":37,"column":16}}]},"3":{"line":46,"type":"binary-expr","locations":[{"start":{"line":46,"column":21},"end":{"line":46,"column":41}},{"start":{"line":46,"column":45},"end":{"line":46,"column":69}}]},"4":{"line":71,"type":"if","locations":[{"start":{"line":71,"column":12},"end":{"line":71,"column":12}},{"start":{"line":71,"column":12},"end":{"line":71,"column":12}}]},"5":{"line":76,"type":"if","locations":[{"start":{"line":76,"column":20},"end":{"line":76,"column":20}},{"start":{"line":76,"column":20},"end":{"line":76,"column":20}}]},"6":{"line":87,"type":"if","locations":[{"start":{"line":87,"column":12},"end":{"line":87,"column":12}},{"start":{"line":87,"column":12},"end":{"line":87,"column":12}}]},"7":{"line":98,"type":"if","locations":[{"start":{"line":98,"column":12},"end":{"line":98,"column":12}},{"start":{"line":98,"column":12},"end":{"line":98,"column":12}}]}}},"..\\plugins\\report\\models\\report_menu.js":{"path":"..\\plugins\\report\\models\\report_menu.js","s":{"1":1,"2":0,"3":0,"4":0,"5":0,"6":0},"b":{},"f":{"1":0,"2":0},"fnMap":{"1":{"name":"(anonymous_1)","line":5,"loc":{"start":{"line":5,"column":0},"end":{"line":5,"column":19}}},"2":{"name":"(anonymous_2)","line":10,"loc":{"start":{"line":10,"column":13},"end":{"line":10,"column":36}}}},"statementMap":{"1":{"start":{"line":1,"column":0},"end":{"line":16,"column":3}},"2":{"start":{"line":6,"column":4},"end":{"line":6,"column":24}},"3":{"start":{"line":7,"column":4},"end":{"line":14,"column":7}},"4":{"start":{"line":11,"column":12},"end":{"line":11,"column":40}},"5":{"start":{"line":12,"column":12},"end":{"line":12,"column":28}},"6":{"start":{"line":15,"column":4},"end":{"line":15,"column":22}}},"branchMap":{}},"..\\plugins\\report\\models\\report_search.js":{"path":"..\\plugins\\report\\models\\report_search.js","s":{"1":1,"2":0,"3":0,"4":0,"5":0,"6":0,"7":0,"8":0,"9":0,"10":0},"b":{"1":[0,0]},"f":{"1":0,"2":0,"3":0},"fnMap":{"1":{"name":"(anonymous_1)","line":7,"loc":{"start":{"line":7,"column":0},"end":{"line":10,"column":6}}},"2":{"name":"(anonymous_2)","line":14,"loc":{"start":{"line":14,"column":19},"end":{"line":14,"column":29}}},"3":{"name":"(anonymous_3)","line":23,"loc":{"start":{"line":23,"column":13},"end":{"line":23,"column":36}}}},"statementMap":{"1":{"start":{"line":1,"column":0},"end":{"line":29,"column":3}},"2":{"start":{"line":11,"column":4},"end":{"line":11,"column":24}},"3":{"start":{"line":12,"column":4},"end":{"line":27,"column":7}},"4":{"start":{"line":15,"column":12},"end":{"line":20,"column":13}},"5":{"start":{"line":16,"column":16},"end":{"line":16,"column":100}},"6":{"start":{"line":17,"column":16},"end":{"line":17,"column":111}},"7":{"start":{"line":19,"column":16},"end":{"line":19,"column":41}},"8":{"start":{"line":24,"column":12},"end":{"line":24,"column":47}},"9":{"start":{"line":25,"column":12},"end":{"line":25,"column":28}},"10":{"start":{"line":28,"column":4},"end":{"line":28,"column":29}}},"branchMap":{"1":{"line":15,"type":"if","locations":[{"start":{"line":15,"column":12},"end":{"line":15,"column":12}},{"start":{"line":15,"column":12},"end":{"line":15,"column":12}}]}}},"..\\plugins\\report\\models\\series_report.js":{"path":"..\\plugins\\report\\models\\series_report.js","s":{"1":1,"2":0,"3":0,"4":0,"5":0,"6":0,"7":0,"8":0,"9":0,"10":0,"11":0,"12":0,"13":0,"14":0,"15":0,"16":0,"17":0,"18":0,"19":0,"20":0,"21":0,"22":0,"23":0,"24":0,"25":0,"26":0,"27":0,"28":0,"29":0,"30":0,"31":0,"32":0,"33":0,"34":0,"35":0,"36":0,"37":0,"38":0,"39":0,"40":0,"41":0,"42":0,"43":0,"44":0,"45":0,"46":0,"47":0,"48":0,"49":0,"50":0,"51":0,"52":0,"53":0,"54":0,"55":0,"56":0,"57":0,"58":0,"59":0,"60":0,"61":0,"62":0,"63":0,"64":0,"65":0,"66":0,"67":0,"68":0,"69":0,"70":0,"71":0,"72":0,"73":0,"74":0,"75":0,"76":0,"77":0,"78":0,"79":0,"80":0,"81":0,"82":0,"83":0,"84":0,"85":0,"86":0,"87":0,"88":0,"89":0,"90":0,"91":0,"92":0,"93":0},"b":{"1":[0,0],"2":[0,0],"3":[0,0],"4":[0,0],"5":[0,0],"6":[0,0],"7":[0,0],"8":[0,0],"9":[0,0],"10":[0,0],"11":[0,0],"12":[0,0],"13":[0,0]},"f":{"1":0,"2":0,"3":0,"4":0,"5":0,"6":0,"7":0,"8":0,"9":0,"10":0,"11":0,"12":0,"13":0,"14":0,"15":0,"16":0,"17":0,"18":0,"19":0,"20":0,"21":0,"22":0,"23":0,"24":0,"25":0,"26":0,"27":0,"28":0,"29":0,"30":0,"31":0,"32":0},"fnMap":{"1":{"name":"(anonymous_1)","line":8,"loc":{"start":{"line":8,"column":0},"end":{"line":12,"column":3}}},"2":{"name":"(anonymous_2)","line":15,"loc":{"start":{"line":15,"column":29},"end":{"line":15,"column":39}}},"3":{"name":"(anonymous_3)","line":18,"loc":{"start":{"line":18,"column":28},"end":{"line":18,"column":38}}},"4":{"name":"(anonymous_4)","line":22,"loc":{"start":{"line":22,"column":46},"end":{"line":22,"column":67}}},"5":{"name":"(anonymous_5)","line":33,"loc":{"start":{"line":33,"column":27},"end":{"line":33,"column":37}}},"6":{"name":"(anonymous_6)","line":37,"loc":{"start":{"line":37,"column":23},"end":{"line":37,"column":53}}},"7":{"name":"(anonymous_7)","line":65,"loc":{"start":{"line":65,"column":27},"end":{"line":65,"column":43}}},"8":{"name":"(anonymous_8)","line":67,"loc":{"start":{"line":67,"column":40},"end":{"line":67,"column":61}}},"9":{"name":"(anonymous_9)","line":75,"loc":{"start":{"line":75,"column":24},"end":{"line":75,"column":42}}},"10":{"name":"(anonymous_10)","line":79,"loc":{"start":{"line":79,"column":30},"end":{"line":79,"column":44}}},"11":{"name":"(anonymous_11)","line":80,"loc":{"start":{"line":80,"column":40},"end":{"line":80,"column":54}}},"12":{"name":"(anonymous_12)","line":92,"loc":{"start":{"line":92,"column":31},"end":{"line":92,"column":55}}},"13":{"name":"(anonymous_13)","line":108,"loc":{"start":{"line":108,"column":30},"end":{"line":108,"column":51}}},"14":{"name":"(anonymous_14)","line":109,"loc":{"start":{"line":109,"column":40},"end":{"line":109,"column":59}}},"15":{"name":"(anonymous_15)","line":126,"loc":{"start":{"line":126,"column":26},"end":{"line":126,"column":43}}},"16":{"name":"(anonymous_16)","line":129,"loc":{"start":{"line":129,"column":28},"end":{"line":129,"column":45}}},"17":{"name":"(anonymous_17)","line":132,"loc":{"start":{"line":132,"column":28},"end":{"line":132,"column":38}}},"18":{"name":"(anonymous_18)","line":135,"loc":{"start":{"line":135,"column":38},"end":{"line":135,"column":59}}},"19":{"name":"(anonymous_19)","line":139,"loc":{"start":{"line":139,"column":27},"end":{"line":139,"column":41}}},"20":{"name":"(anonymous_20)","line":155,"loc":{"start":{"line":155,"column":30},"end":{"line":155,"column":40}}},"21":{"name":"(anonymous_21)","line":158,"loc":{"start":{"line":158,"column":40},"end":{"line":158,"column":61}}},"22":{"name":"(anonymous_22)","line":162,"loc":{"start":{"line":162,"column":29},"end":{"line":162,"column":43}}},"23":{"name":"(anonymous_23)","line":173,"loc":{"start":{"line":173,"column":27},"end":{"line":173,"column":37}}},"24":{"name":"(anonymous_24)","line":176,"loc":{"start":{"line":176,"column":29},"end":{"line":176,"column":39}}},"25":{"name":"(anonymous_25)","line":179,"loc":{"start":{"line":179,"column":30},"end":{"line":179,"column":40}}},"26":{"name":"(anonymous_26)","line":181,"loc":{"start":{"line":181,"column":38},"end":{"line":181,"column":48}}},"27":{"name":"(anonymous_27)","line":186,"loc":{"start":{"line":186,"column":32},"end":{"line":186,"column":42}}},"28":{"name":"(anonymous_28)","line":188,"loc":{"start":{"line":188,"column":40},"end":{"line":188,"column":50}}},"29":{"name":"(anonymous_29)","line":193,"loc":{"start":{"line":193,"column":19},"end":{"line":193,"column":29}}},"30":{"name":"(anonymous_30)","line":196,"loc":{"start":{"line":196,"column":21},"end":{"line":196,"column":31}}},"31":{"name":"(anonymous_31)","line":199,"loc":{"start":{"line":199,"column":23},"end":{"line":199,"column":33}}},"32":{"name":"(anonymous_32)","line":204,"loc":{"start":{"line":204,"column":14},"end":{"line":204,"column":26}}}},"statementMap":{"1":{"start":{"line":1,"column":0},"end":{"line":216,"column":3}},"2":{"start":{"line":13,"column":4},"end":{"line":214,"column":7}},"3":{"start":{"line":16,"column":12},"end":{"line":16,"column":60}},"4":{"start":{"line":19,"column":12},"end":{"line":19,"column":25}},"5":{"start":{"line":21,"column":12},"end":{"line":29,"column":13}},"6":{"start":{"line":22,"column":16},"end":{"line":24,"column":19}},"7":{"start":{"line":23,"column":20},"end":{"line":23,"column":62}},"8":{"start":{"line":26,"column":16},"end":{"line":26,"column":38}},"9":{"start":{"line":28,"column":16},"end":{"line":28,"column":40}},"10":{"start":{"line":34,"column":12},"end":{"line":34,"column":52}},"11":{"start":{"line":38,"column":12},"end":{"line":38,"column":61}},"12":{"start":{"line":40,"column":12},"end":{"line":52,"column":13}},"13":{"start":{"line":42,"column":16},"end":{"line":42,"column":59}},"14":{"start":{"line":45,"column":16},"end":{"line":45,"column":68}},"15":{"start":{"line":47,"column":16},"end":{"line":51,"column":17}},"16":{"start":{"line":48,"column":20},"end":{"line":48,"column":57}},"17":{"start":{"line":50,"column":20},"end":{"line":50,"column":59}},"18":{"start":{"line":54,"column":12},"end":{"line":54,"column":43}},"19":{"start":{"line":55,"column":12},"end":{"line":55,"column":28}},"20":{"start":{"line":66,"column":12},"end":{"line":66,"column":29}},"21":{"start":{"line":67,"column":12},"end":{"line":72,"column":15}},"22":{"start":{"line":68,"column":16},"end":{"line":71,"column":17}},"23":{"start":{"line":69,"column":20},"end":{"line":69,"column":32}},"24":{"start":{"line":70,"column":20},"end":{"line":70,"column":33}},"25":{"start":{"line":73,"column":12},"end":{"line":73,"column":24}},"26":{"start":{"line":76,"column":12},"end":{"line":77,"column":35}},"27":{"start":{"line":79,"column":12},"end":{"line":89,"column":21}},"28":{"start":{"line":80,"column":16},"end":{"line":85,"column":25}},"29":{"start":{"line":81,"column":20},"end":{"line":84,"column":21}},"30":{"start":{"line":82,"column":24},"end":{"line":82,"column":42}},"31":{"start":{"line":83,"column":24},"end":{"line":83,"column":37}},"32":{"start":{"line":86,"column":16},"end":{"line":88,"column":17}},"33":{"start":{"line":87,"column":20},"end":{"line":87,"column":33}},"34":{"start":{"line":90,"column":12},"end":{"line":90,"column":30}},"35":{"start":{"line":93,"column":12},"end":{"line":100,"column":34}},"36":{"start":{"line":102,"column":12},"end":{"line":106,"column":13}},"37":{"start":{"line":103,"column":16},"end":{"line":103,"column":63}},"38":{"start":{"line":105,"column":16},"end":{"line":105,"column":37}},"39":{"start":{"line":108,"column":12},"end":{"line":123,"column":15}},"40":{"start":{"line":109,"column":16},"end":{"line":119,"column":19}},"41":{"start":{"line":110,"column":20},"end":{"line":118,"column":21}},"42":{"start":{"line":112,"column":24},"end":{"line":112,"column":49}},"43":{"start":{"line":113,"column":24},"end":{"line":113,"column":47}},"44":{"start":{"line":114,"column":24},"end":{"line":114,"column":47}},"45":{"start":{"line":116,"column":24},"end":{"line":116,"column":41}},"46":{"start":{"line":117,"column":24},"end":{"line":117,"column":37}},"47":{"start":{"line":120,"column":16},"end":{"line":122,"column":17}},"48":{"start":{"line":121,"column":20},"end":{"line":121,"column":33}},"49":{"start":{"line":124,"column":12},"end":{"line":124,"column":30}},"50":{"start":{"line":127,"column":12},"end":{"line":127,"column":44}},"51":{"start":{"line":130,"column":12},"end":{"line":130,"column":44}},"52":{"start":{"line":133,"column":12},"end":{"line":133,"column":28}},"53":{"start":{"line":135,"column":12},"end":{"line":137,"column":15}},"54":{"start":{"line":136,"column":16},"end":{"line":136,"column":59}},"55":{"start":{"line":140,"column":12},"end":{"line":140,"column":46}},"56":{"start":{"line":141,"column":12},"end":{"line":141,"column":39}},"57":{"start":{"line":142,"column":12},"end":{"line":142,"column":40}},"58":{"start":{"line":144,"column":12},"end":{"line":146,"column":13}},"59":{"start":{"line":145,"column":13},"end":{"line":145,"column":40}},"60":{"start":{"line":148,"column":12},"end":{"line":152,"column":13}},"61":{"start":{"line":149,"column":16},"end":{"line":149,"column":43}},"62":{"start":{"line":151,"column":16},"end":{"line":151,"column":45}},"63":{"start":{"line":153,"column":12},"end":{"line":153,"column":24}},"64":{"start":{"line":156,"column":12},"end":{"line":156,"column":28}},"65":{"start":{"line":158,"column":12},"end":{"line":160,"column":15}},"66":{"start":{"line":159,"column":16},"end":{"line":159,"column":57}},"67":{"start":{"line":163,"column":12},"end":{"line":163,"column":47}},"68":{"start":{"line":164,"column":12},"end":{"line":164,"column":39}},"69":{"start":{"line":166,"column":12},"end":{"line":169,"column":13}},"70":{"start":{"line":167,"column":16},"end":{"line":167,"column":43}},"71":{"start":{"line":168,"column":16},"end":{"line":168,"column":42}},"72":{"start":{"line":171,"column":12},"end":{"line":171,"column":24}},"73":{"start":{"line":174,"column":12},"end":{"line":174,"column":44}},"74":{"start":{"line":177,"column":12},"end":{"line":177,"column":46}},"75":{"start":{"line":180,"column":12},"end":{"line":180,"column":31}},"76":{"start":{"line":181,"column":12},"end":{"line":183,"column":15}},"77":{"start":{"line":182,"column":16},"end":{"line":182,"column":63}},"78":{"start":{"line":184,"column":12},"end":{"line":184,"column":40}},"79":{"start":{"line":187,"column":12},"end":{"line":187,"column":31}},"80":{"start":{"line":188,"column":12},"end":{"line":190,"column":15}},"81":{"start":{"line":189,"column":16},"end":{"line":189,"column":64}},"82":{"start":{"line":191,"column":12},"end":{"line":191,"column":40}},"83":{"start":{"line":194,"column":12},"end":{"line":194,"column":57}},"84":{"start":{"line":197,"column":12},"end":{"line":197,"column":59}},"85":{"start":{"line":200,"column":12},"end":{"line":200,"column":94}},"86":{"start":{"line":201,"column":12},"end":{"line":201,"column":73}},"87":{"start":{"line":205,"column":12},"end":{"line":205,"column":51}},"88":{"start":{"line":206,"column":12},"end":{"line":206,"column":54}},"89":{"start":{"line":207,"column":12},"end":{"line":207,"column":44}},"90":{"start":{"line":209,"column":12},"end":{"line":209,"column":41}},"91":{"start":{"line":210,"column":12},"end":{"line":210,"column":43}},"92":{"start":{"line":212,"column":12},"end":{"line":212,"column":28}},"93":{"start":{"line":215,"column":4},"end":{"line":215,"column":29}}},"branchMap":{"1":{"line":21,"type":"if","locations":[{"start":{"line":21,"column":12},"end":{"line":21,"column":12}},{"start":{"line":21,"column":12},"end":{"line":21,"column":12}}]},"2":{"line":40,"type":"if","locations":[{"start":{"line":40,"column":12},"end":{"line":40,"column":12}},{"start":{"line":40,"column":12},"end":{"line":40,"column":12}}]},"3":{"line":47,"type":"if","locations":[{"start":{"line":47,"column":16},"end":{"line":47,"column":16}},{"start":{"line":47,"column":16},"end":{"line":47,"column":16}}]},"4":{"line":68,"type":"if","locations":[{"start":{"line":68,"column":16},"end":{"line":68,"column":16}},{"start":{"line":68,"column":16},"end":{"line":68,"column":16}}]},"5":{"line":81,"type":"if","locations":[{"start":{"line":81,"column":20},"end":{"line":81,"column":20}},{"start":{"line":81,"column":20},"end":{"line":81,"column":20}}]},"6":{"line":86,"type":"if","locations":[{"start":{"line":86,"column":16},"end":{"line":86,"column":16}},{"start":{"line":86,"column":16},"end":{"line":86,"column":16}}]},"7":{"line":102,"type":"if","locations":[{"start":{"line":102,"column":12},"end":{"line":102,"column":12}},{"start":{"line":102,"column":12},"end":{"line":102,"column":12}}]},"8":{"line":110,"type":"if","locations":[{"start":{"line":110,"column":20},"end":{"line":110,"column":20}},{"start":{"line":110,"column":20},"end":{"line":110,"column":20}}]},"9":{"line":120,"type":"if","locations":[{"start":{"line":120,"column":16},"end":{"line":120,"column":16}},{"start":{"line":120,"column":16},"end":{"line":120,"column":16}}]},"10":{"line":144,"type":"if","locations":[{"start":{"line":144,"column":12},"end":{"line":144,"column":12}},{"start":{"line":144,"column":12},"end":{"line":144,"column":12}}]},"11":{"line":148,"type":"if","locations":[{"start":{"line":148,"column":12},"end":{"line":148,"column":12}},{"start":{"line":148,"column":12},"end":{"line":148,"column":12}}]},"12":{"line":166,"type":"if","locations":[{"start":{"line":166,"column":12},"end":{"line":166,"column":12}},{"start":{"line":166,"column":12},"end":{"line":166,"column":12}}]},"13":{"line":166,"type":"binary-expr","locations":[{"start":{"line":166,"column":15},"end":{"line":166,"column":51}},{"start":{"line":166,"column":55},"end":{"line":166,"column":92}}]}}},"..\\plugins\\report\\models\\series_report_form.js":{"path":"..\\plugins\\report\\models\\series_report_form.js","s":{"1":1,"2":0,"3":0,"4":0,"5":0,"6":0,"7":0,"8":0,"9":0},"b":{},"f":{"1":0,"2":0,"3":0},"fnMap":{"1":{"name":"(anonymous_1)","line":6,"loc":{"start":{"line":6,"column":0},"end":{"line":6,"column":19}}},"2":{"name":"(anonymous_2)","line":9,"loc":{"start":{"line":9,"column":17},"end":{"line":9,"column":27}}},"3":{"name":"(anonymous_3)","line":13,"loc":{"start":{"line":13,"column":14},"end":{"line":13,"column":26}}}},"statementMap":{"1":{"start":{"line":1,"column":0},"end":{"line":25,"column":3}},"2":{"start":{"line":7,"column":4},"end":{"line":23,"column":7}},"3":{"start":{"line":14,"column":12},"end":{"line":14,"column":51}},"4":{"start":{"line":15,"column":12},"end":{"line":15,"column":54}},"5":{"start":{"line":16,"column":12},"end":{"line":16,"column":44}},"6":{"start":{"line":18,"column":12},"end":{"line":18,"column":41}},"7":{"start":{"line":19,"column":12},"end":{"line":19,"column":43}},"8":{"start":{"line":21,"column":12},"end":{"line":21,"column":28}},"9":{"start":{"line":24,"column":4},"end":{"line":24,"column":29}}},"branchMap":{}}}